2019-05-30 18:01:46.889  INFO 8460 --- [restartedMain] o.s.b.w.embedded.tomcat.TomcatWebServer  : Tomcat initialized with port(s): 8080 (http)
2019-05-30 18:01:46.891  INFO 8460 --- [restartedMain] o.apache.catalina.core.StandardService   : Starting service [Tomcat]
2019-05-30 18:01:46.891  INFO 8460 --- [restartedMain] org.apache.catalina.core.StandardEngine  : Starting Servlet engine: [Apache Tomcat/9.0.19]
2019-05-30 18:01:46.900  INFO 8460 --- [restartedMain] o.a.c.c.C.[Tomcat].[localhost].[/]       : Initializing Spring embedded WebApplicationContext
2019-05-30 18:01:46.900  INFO 8460 --- [restartedMain] o.s.web.context.ContextLoader            : Root WebApplicationContext: initialization completed in 190 ms
2019-05-30 18:01:46.939  INFO 8460 --- [restartedMain] o.s.s.concurrent.ThreadPoolTaskExecutor  : Initializing ExecutorService 'applicationTaskExecutor'
2019-05-30 18:01:46.969  INFO 8460 --- [restartedMain] o.s.b.d.a.OptionalLiveReloadServer       : LiveReload server is running on port 35729
2019-05-30 18:01:46.982  INFO 8460 --- [restartedMain] o.s.b.w.embedded.tomcat.TomcatWebServer  : Tomcat started on port(s): 8080 (http) with context path ''
2019-05-30 18:01:46.984  WARN 8460 --- [restartedMain] com.rubypaper.LoggingRunner              : WARN 로그 메시지
2019-05-30 18:01:46.984 ERROR 8460 --- [restartedMain] com.rubypaper.LoggingRunner              : ERROR 로그 메시지
2019-05-30 18:01:46.985  INFO 8460 --- [restartedMain] .ConditionEvaluationDeltaLoggingListener : Condition evaluation unchanged
2019-05-30 18:01:51.398  INFO 8460 --- [Thread-15] o.s.s.concurrent.ThreadPoolTaskExecutor  : Shutting down ExecutorService 'applicationTaskExecutor'
2019-05-30 18:01:51.713  INFO 8460 --- [restartedMain] o.s.b.w.embedded.tomcat.TomcatWebServer  : Tomcat initialized with port(s): 8080 (http)
2019-05-30 18:01:51.714  INFO 8460 --- [restartedMain] o.apache.catalina.core.StandardService   : Starting service [Tomcat]
2019-05-30 18:01:51.714  INFO 8460 --- [restartedMain] org.apache.catalina.core.StandardEngine  : Starting Servlet engine: [Apache Tomcat/9.0.19]
2019-05-30 18:01:51.726  INFO 8460 --- [restartedMain] o.a.c.c.C.[Tomcat].[localhost].[/]       : Initializing Spring embedded WebApplicationContext
2019-05-30 18:01:51.726  INFO 8460 --- [restartedMain] o.s.web.context.ContextLoader            : Root WebApplicationContext: initialization completed in 172 ms
2019-05-30 18:01:51.767  INFO 8460 --- [restartedMain] o.s.s.concurrent.ThreadPoolTaskExecutor  : Initializing ExecutorService 'applicationTaskExecutor'
2019-05-30 18:01:51.797  INFO 8460 --- [restartedMain] o.s.b.d.a.OptionalLiveReloadServer       : LiveReload server is running on port 35729
2019-05-30 18:01:51.831  INFO 8460 --- [restartedMain] o.s.b.w.embedded.tomcat.TomcatWebServer  : Tomcat started on port(s): 8080 (http) with context path ''
2019-05-30 18:01:51.832  WARN 8460 --- [restartedMain] com.rubypaper.LoggingRunner              : WARN 로그 메시지
2019-05-30 18:01:51.833 ERROR 8460 --- [restartedMain] com.rubypaper.LoggingRunner              : ERROR 로그 메시지
2019-05-30 18:01:51.833  INFO 8460 --- [restartedMain] .ConditionEvaluationDeltaLoggingListener : Condition evaluation unchanged
2019-05-30 18:01:54.250  INFO 8460 --- [Thread-23] o.s.s.concurrent.ThreadPoolTaskExecutor  : Shutting down ExecutorService 'applicationTaskExecutor'
2019-05-30 18:01:54.551  INFO 8460 --- [restartedMain] o.s.b.w.embedded.tomcat.TomcatWebServer  : Tomcat initialized with port(s): 8080 (http)
2019-05-30 18:01:54.552  INFO 8460 --- [restartedMain] o.apache.catalina.core.StandardService   : Starting service [Tomcat]
2019-05-30 18:01:54.552  INFO 8460 --- [restartedMain] org.apache.catalina.core.StandardEngine  : Starting Servlet engine: [Apache Tomcat/9.0.19]
2019-05-30 18:01:54.562  INFO 8460 --- [restartedMain] o.a.c.c.C.[Tomcat].[localhost].[/]       : Initializing Spring embedded WebApplicationContext
2019-05-30 18:01:54.562  INFO 8460 --- [restartedMain] o.s.web.context.ContextLoader            : Root WebApplicationContext: initialization completed in 166 ms
2019-05-30 18:01:54.599  INFO 8460 --- [restartedMain] o.s.s.concurrent.ThreadPoolTaskExecutor  : Initializing ExecutorService 'applicationTaskExecutor'
2019-05-30 18:01:54.627  INFO 8460 --- [restartedMain] o.s.b.d.a.OptionalLiveReloadServer       : LiveReload server is running on port 35729
2019-05-30 18:01:54.638  INFO 8460 --- [restartedMain] o.s.b.w.embedded.tomcat.TomcatWebServer  : Tomcat started on port(s): 8080 (http) with context path ''
2019-05-30 18:01:54.642  WARN 8460 --- [restartedMain] com.rubypaper.LoggingRunner              : WARN 로그 메시지
2019-05-30 18:01:54.643 ERROR 8460 --- [restartedMain] com.rubypaper.LoggingRunner              : ERROR 로그 메시지
2019-05-30 18:01:54.643  INFO 8460 --- [restartedMain] .ConditionEvaluationDeltaLoggingListener : Condition evaluation unchanged
2019-05-30 18:03:17.437  INFO 8460 --- [Thread-31] o.s.s.concurrent.ThreadPoolTaskExecutor  : Shutting down ExecutorService 'applicationTaskExecutor'
2019-05-30 18:03:17.743  INFO 8460 --- [restartedMain] o.s.b.w.embedded.tomcat.TomcatWebServer  : Tomcat initialized with port(s): 8080 (http)
2019-05-30 18:03:17.744  INFO 8460 --- [restartedMain] o.apache.catalina.core.StandardService   : Starting service [Tomcat]
2019-05-30 18:03:17.744  INFO 8460 --- [restartedMain] org.apache.catalina.core.StandardEngine  : Starting Servlet engine: [Apache Tomcat/9.0.19]
2019-05-30 18:03:17.753  INFO 8460 --- [restartedMain] o.a.c.c.C.[Tomcat].[localhost].[/]       : Initializing Spring embedded WebApplicationContext
2019-05-30 18:03:17.753  INFO 8460 --- [restartedMain] o.s.web.context.ContextLoader            : Root WebApplicationContext: initialization completed in 166 ms
2019-05-30 18:03:17.788  INFO 8460 --- [restartedMain] o.s.s.concurrent.ThreadPoolTaskExecutor  : Initializing ExecutorService 'applicationTaskExecutor'
2019-05-30 18:03:17.813  INFO 8460 --- [restartedMain] o.s.b.d.a.OptionalLiveReloadServer       : LiveReload server is running on port 35729
2019-05-30 18:03:17.824  INFO 8460 --- [restartedMain] o.s.b.w.embedded.tomcat.TomcatWebServer  : Tomcat started on port(s): 8080 (http) with context path ''
2019-05-30 18:03:17.825  WARN 8460 --- [restartedMain] com.rubypaper.LoggingRunner              : WARN 로그 메시지
2019-05-30 18:03:17.825 ERROR 8460 --- [restartedMain] com.rubypaper.LoggingRunner              : ERROR 로그 메시지
2019-05-30 18:03:17.826  INFO 8460 --- [restartedMain] .ConditionEvaluationDeltaLoggingListener : Condition evaluation unchanged
2019-05-30 18:03:27.275  INFO 8460 --- [Thread-39] o.s.s.concurrent.ThreadPoolTaskExecutor  : Shutting down ExecutorService 'applicationTaskExecutor'
2019-05-30 18:03:45.825  INFO 8460 --- [restartedMain] com.rubypaper.Chapter03Application       : Starting Chapter03Application on USERD13 with PID 8460 (D:\DEV\workspace_boot\Chapter03\target\classes started by USER in D:\DEV\workspace_boot\Chapter03)
2019-05-30 18:03:45.825 DEBUG 8460 --- [restartedMain] com.rubypaper.Chapter03Application       : Running with Spring Boot v2.1.5.RELEASE, Spring v5.1.7.RELEASE
2019-05-30 18:03:45.826  INFO 8460 --- [restartedMain] com.rubypaper.Chapter03Application       : No active profile set, falling back to default profiles: default
2019-05-30 18:03:46.001  INFO 8460 --- [restartedMain] o.s.b.w.embedded.tomcat.TomcatWebServer  : Tomcat initialized with port(s): 8080 (http)
2019-05-30 18:03:46.002  INFO 8460 --- [restartedMain] o.apache.catalina.core.StandardService   : Starting service [Tomcat]
2019-05-30 18:03:46.002  INFO 8460 --- [restartedMain] org.apache.catalina.core.StandardEngine  : Starting Servlet engine: [Apache Tomcat/9.0.19]
2019-05-30 18:03:46.011  INFO 8460 --- [restartedMain] o.a.c.c.C.[Tomcat].[localhost].[/]       : Initializing Spring embedded WebApplicationContext
2019-05-30 18:03:46.012  INFO 8460 --- [restartedMain] o.s.web.context.ContextLoader            : Root WebApplicationContext: initialization completed in 184 ms
2019-05-30 18:03:46.045  INFO 8460 --- [restartedMain] o.s.s.concurrent.ThreadPoolTaskExecutor  : Initializing ExecutorService 'applicationTaskExecutor'
2019-05-30 18:03:46.069  INFO 8460 --- [restartedMain] o.s.b.d.a.OptionalLiveReloadServer       : LiveReload server is running on port 35729
2019-05-30 18:03:46.080  INFO 8460 --- [restartedMain] o.s.b.w.embedded.tomcat.TomcatWebServer  : Tomcat started on port(s): 8080 (http) with context path ''
2019-05-30 18:03:46.080  INFO 8460 --- [restartedMain] com.rubypaper.Chapter03Application       : Started Chapter03Application in 0.366 seconds (JVM running for 156.919)
2019-05-30 18:03:46.081 DEBUG 8460 --- [restartedMain] com.rubypaper.LoggingRunner              : DEBUG 로그 메시지
2019-05-30 18:03:46.081  INFO 8460 --- [restartedMain] com.rubypaper.LoggingRunner              : INFO 로그 메시지
2019-05-30 18:03:46.081  WARN 8460 --- [restartedMain] com.rubypaper.LoggingRunner              : WARN 로그 메시지
2019-05-30 18:03:46.081 ERROR 8460 --- [restartedMain] com.rubypaper.LoggingRunner              : ERROR 로그 메시지
2019-05-30 18:03:46.082  INFO 8460 --- [restartedMain] .ConditionEvaluationDeltaLoggingListener : Condition evaluation unchanged
2019-05-30 18:04:58.690  INFO 8460 --- [RMI TCP Connection(15)-127.0.0.1] inMXBeanRegistrar$SpringApplicationAdmin : Application shutdown requested.
2019-05-30 18:04:58.693  INFO 8460 --- [RMI TCP Connection(15)-127.0.0.1] o.s.s.concurrent.ThreadPoolTaskExecutor  : Shutting down ExecutorService 'applicationTaskExecutor'
